h:\fall15\animation\homework\assignment4\assignment4\debug\vc140.pdb
h:\fall15\animation\homework\assignment4\assignment4\debug\vc140.idb
h:\fall15\animation\homework\assignment4\assignment4\debug\animation.obj
h:\fall15\animation\homework\assignment4\assignment4\debug\channel.obj
h:\fall15\animation\homework\assignment4\assignment4\debug\dof.obj
h:\fall15\animation\homework\assignment4\assignment4\debug\joint.obj
h:\fall15\animation\homework\assignment4\assignment4\debug\keyframe.obj
h:\fall15\animation\homework\assignment4\assignment4\debug\main.obj
h:\fall15\animation\homework\assignment4\assignment4\debug\matrices.obj
h:\fall15\animation\homework\assignment4\assignment4\debug\parser.obj
h:\fall15\animation\homework\assignment4\assignment4\debug\skeleton.obj
h:\fall15\animation\homework\assignment4\assignment4\debug\skin.obj
h:\fall15\animation\homework\assignment4\assignment4\debug\weight.obj
h:\fall15\animation\homework\assignment4\assignment4\debug\utils.obj
h:\fall15\animation\homework\assignment4\assignment4\debug\vector3.obj
h:\fall15\animation\homework\assignment4\assignment4\debug\assignment3.pdb
h:\fall15\animation\homework\assignment4\assignment4\debug\assignment3.tlog\cl.command.1.tlog
h:\fall15\animation\homework\assignment4\assignment4\debug\assignment3.tlog\cl.read.1.tlog
h:\fall15\animation\homework\assignment4\assignment4\debug\assignment3.tlog\cl.write.1.tlog
h:\fall15\animation\homework\assignment4\assignment4\debug\assignment3.tlog\link.command.1.tlog
h:\fall15\animation\homework\assignment4\assignment4\debug\assignment3.tlog\link.read.1.tlog
h:\fall15\animation\homework\assignment4\assignment4\debug\assignment3.tlog\link.write.1.tlog
