Build started 10/19/2015 3:31:08 PM.
     1>Project "H:\Fall15\Animation\homework\Assignment3\Assignment3\Assignment3.vcxproj" on node 2 (Build target(s)).
     1>ClCompile:
         C:\Program Files (x86)\Microsoft Visual Studio 12.0\VC\bin\CL.exe /c /IAntTweakBar\include /Ifreeglut\include /Zi /nologo /W3 /WX- /Od /Oy- /D WIN32 /D _DEBUG /D _WINDOWS /Gm /EHsc /RTC1 /MDd /GS /fp:precise /Zc:wchar_t /Zc:forScope /Fo"Debug\\" /Fd"Debug\vc120.pdb" /Gd /TP /analyze- /errorReport:prompt Main.cpp
         Main.cpp
       Link:
         C:\Program Files (x86)\Microsoft Visual Studio 12.0\VC\bin\link.exe /ERRORREPORT:PROMPT /OUT:"H:\Fall15\Animation\homework\Assignment3\Assignment3\Debug\Assignment3.exe" /INCREMENTAL /NOLOGO /LIBPATH:AntTweakBar\lib /LIBPATH:freeglut\lib AntTweakBar64.lib freeglut.lib kernel32.lib user32.lib gdi32.lib winspool.lib comdlg32.lib advapi32.lib shell32.lib ole32.lib oleaut32.lib uuid.lib odbc32.lib odbccp32.lib /MANIFEST /MANIFESTUAC:"level='asInvoker' uiAccess='false'" /manifest:embed /DEBUG /PDB:"H:\Fall15\Animation\homework\Assignment3\Assignment3\Debug\Assignment3.pdb" /SUBSYSTEM:CONSOLE /TLBID:1 /DYNAMICBASE /NXCOMPAT /IMPLIB:"H:\Fall15\Animation\homework\Assignment3\Assignment3\Debug\Assignment3.lib" /MACHINE:X86 Debug\DOF.obj
         Debug\joint.obj
         Debug\Main.obj
         Debug\Matrices.obj
         Debug\Parser.obj
         Debug\Skeleton.obj
         Debug\skin.obj
         Debug\Weight.obj
         Debug\Utils.obj
         Debug\vector3.obj
         Assignment3.vcxproj -> H:\Fall15\Animation\homework\Assignment3\Assignment3\Debug\Assignment3.exe
     1>Done Building Project "H:\Fall15\Animation\homework\Assignment3\Assignment3\Assignment3.vcxproj" (Build target(s)).

Build succeeded.

Time Elapsed 00:00:02.29
