j:\fall15\animation\installers2\cse169-project1-master\cse169-project1-master\cse169-project1\debug\vc120.pdb
j:\fall15\animation\installers2\cse169-project1-master\cse169-project1-master\cse169-project1\debug\vc120.idb
j:\fall15\animation\installers2\cse169-project1-master\cse169-project1-master\cse169-project1\debug\camera.obj
j:\fall15\animation\installers2\cse169-project1-master\cse169-project1-master\cse169-project1\debug\core.obj
j:\fall15\animation\installers2\cse169-project1-master\cse169-project1-master\cse169-project1\debug\matrix34.obj
j:\fall15\animation\installers2\cse169-project1-master\cse169-project1-master\cse169-project1\debug\vector3.obj
j:\fall15\animation\installers2\cse169-project1-master\cse169-project1-master\cse169-project1\debug\skeletalmodel.obj
j:\fall15\animation\installers2\cse169-project1-master\cse169-project1-master\cse169-project1\debug\parser.obj
j:\fall15\animation\installers2\cse169-project1-master\cse169-project1-master\cse169-project1\debug\tester.obj
j:\fall15\animation\installers2\cse169-project1-master\cse169-project1-master\cse169-project1\debug\joint.obj
j:\fall15\animation\installers2\cse169-project1-master\cse169-project1-master\cse169-project1\debug\cube.obj
j:\fall15\animation\installers2\cse169-project1-master\cse169-project1-master\cse169-project1\debug\matrices.obj
j:\fall15\animation\homework\assignment2\assignment2\debug\vc120.pdb
j:\fall15\animation\homework\assignment2\assignment2\debug\vc120.idb
j:\fall15\animation\homework\assignment2\assignment2\debug\camera.obj
j:\fall15\animation\homework\assignment2\assignment2\debug\core.obj
j:\fall15\animation\homework\assignment2\assignment2\debug\joint.obj
j:\fall15\animation\homework\assignment2\assignment2\debug\matrices.obj
j:\fall15\animation\homework\assignment2\assignment2\debug\openfiledialog.obj
j:\fall15\animation\homework\assignment2\assignment2\debug\skeletalmodel.obj
j:\fall15\animation\homework\assignment2\assignment2\debug\tester.obj
j:\fall15\animation\homework\assignment2\assignment2\debug\parser.obj
j:\fall15\animation\homework\assignment2\assignment2\debug\renderer.obj
j:\fall15\animation\homework\assignment2\assignment2\debug\utils.obj
j:\fall15\animation\installers2\cse169-project1-master\cse169-project1-master\debug\assignment2.ilk
j:\fall15\animation\installers2\cse169-project1-master\cse169-project1-master\debug\assignment2.exe
j:\fall15\animation\installers2\cse169-project1-master\cse169-project1-master\debug\assignment2.pdb
j:\fall15\animation\homework\assignment2\assignment2\debug\assignment2.ilk
j:\fall15\animation\homework\assignment2\assignment2\debug\assignment2.exe
j:\fall15\animation\homework\assignment2\assignment2\debug\assignment2.pdb
j:\fall15\animation\homework\assignment2\assignment2\debug\cube.obj
j:\fall15\animation\homework\assignment2\assignment2\debug\matrix34.obj
j:\fall15\animation\homework\assignment2\assignment2\debug\matrix44.obj
j:\fall15\animation\homework\assignment2\assignment2\debug\token.obj
j:\fall15\animation\homework\assignment2\assignment2\debug\vector3.obj
j:\fall15\animation\homework\assignment2\assignment2\debug\assignment2.tlog\cl.command.1.tlog
j:\fall15\animation\homework\assignment2\assignment2\debug\assignment2.tlog\cl.read.1.tlog
j:\fall15\animation\homework\assignment2\assignment2\debug\assignment2.tlog\cl.write.1.tlog
j:\fall15\animation\homework\assignment2\assignment2\debug\assignment2.tlog\link.command.1.tlog
j:\fall15\animation\homework\assignment2\assignment2\debug\assignment2.tlog\link.read.1.tlog
j:\fall15\animation\homework\assignment2\assignment2\debug\assignment2.tlog\link.write.1.tlog
