Build started 10/21/2015 12:34:46 PM.
     1>Project "H:\Fall15\Animation\homework\Assignment2\Assignment2\Assignment2\Assignment2.vcxproj" on node 2 (Build target(s)).
     1>C:\Program Files (x86)\MSBuild\Microsoft.Cpp\v4.0\V120\Microsoft.CppBuild.targets(388,5): warning MSB8028: The intermediate directory (Debug\) contains files shared from another project (cse169-project1.vcxproj).  This can lead to incorrect clean and rebuild behavior.
     1>ClCompile:
         C:\Program Files (x86)\Microsoft Visual Studio 12.0\VC\bin\CL.exe /c /I"H:\Fall15\Animation\homework\Assignment2\Assignment2\Glew and Glut\freeglut\include" /ZI /nologo /W3 /WX- /sdl /Od /Oy- /D _MBCS /Gm /EHsc /RTC1 /MDd /GS /fp:precise /Zc:wchar_t /Zc:forScope /Fo"Debug\\" /Fd"Debug\vc120.pdb" /Gd /TP /analyze- /errorReport:prompt camera.cpp Joint.cpp Matrices.cpp OpenFileDialog.cpp SkeletalModel.cpp Renderer.cpp Parser.cpp Utils.cpp
         Utils.cpp
         Parser.cpp
         Renderer.cpp
         SkeletalModel.cpp
         OpenFileDialog.cpp
         Matrices.cpp
         Joint.cpp
         camera.cpp
         Generating Code...
       Link:
         C:\Program Files (x86)\Microsoft Visual Studio 12.0\VC\bin\link.exe /ERRORREPORT:PROMPT /OUT:"H:\Fall15\Animation\homework\Assignment2\Assignment2\Assignment2\Debug\Assignment2.exe" /INCREMENTAL /NOLOGO /LIBPATH:"H:\Fall15\Animation\homework\Assignment2\Assignment2\Glew and Glut\freeglut\lib" freeglut.lib kernel32.lib user32.lib gdi32.lib winspool.lib comdlg32.lib advapi32.lib shell32.lib ole32.lib oleaut32.lib uuid.lib odbc32.lib odbccp32.lib /MANIFEST /MANIFESTUAC:"level='asInvoker' uiAccess='false'" /manifest:embed /DEBUG /PDB:"H:\Fall15\Animation\homework\Assignment2\Assignment2\Assignment2\Debug\Assignment2.pdb" /TLBID:1 /DYNAMICBASE /NXCOMPAT /IMPLIB:"H:\Fall15\Animation\homework\Assignment2\Assignment2\Assignment2\Debug\Assignment2.lib" /MACHINE:X86 Debug\camera.obj
         Debug\Joint.obj
         Debug\Matrices.obj
         Debug\OpenFileDialog.obj
         Debug\SkeletalModel.obj
         Debug\Renderer.obj
         Debug\Parser.obj
         Debug\Utils.obj
         Assignment2.vcxproj -> H:\Fall15\Animation\homework\Assignment2\Assignment2\Assignment2\Debug\Assignment2.exe
     1>Done Building Project "H:\Fall15\Animation\homework\Assignment2\Assignment2\Assignment2\Assignment2.vcxproj" (Build target(s)).

Build succeeded.

Time Elapsed 00:00:06.66
